Added Component: Designator=C1(CAP-0603)
Add component (AddParameter): Name = "Part Number"; Value = "2"; VariantName = "[No Variations]"
Add component (AddParameter): Name = "URL"; Value = ""; VariantName = "[No Variations]"
Add component (AddParameter): Name = "Value"; Value = "50V 47pF"; VariantName = "[No Variations]"
Add component (AddParameter): Name = "¹"; Value = "2"; VariantName = "[No Variations]"
Added Component: Designator=C2(CAP-0603)
Add component (AddParameter): Name = "Part Number"; Value = "2"; VariantName = "[No Variations]"
Add component (AddParameter): Name = "URL"; Value = ""; VariantName = "[No Variations]"
Add component (AddParameter): Name = "Value"; Value = "50V 10nF"; VariantName = "[No Variations]"
Add component (AddParameter): Name = "¹"; Value = "2"; VariantName = "[No Variations]"
Added Component: Designator=C3(CAP-0603)
Add component (AddParameter): Name = "Part Number"; Value = "2"; VariantName = "[No Variations]"
Add component (AddParameter): Name = "URL"; Value = ""; VariantName = "[No Variations]"
Add component (AddParameter): Name = "Value"; Value = "50V 100nF"; VariantName = "[No Variations]"
Add component (AddParameter): Name = "¹"; Value = "2"; VariantName = "[No Variations]"
Added Component: Designator=C4(CAPPOL-12x25)
Add component (AddParameter): Name = "Part Number"; Value = "15"; VariantName = "[No Variations]"
Add component (AddParameter): Name = "URL"; Value = ""; VariantName = "[No Variations]"
Add component (AddParameter): Name = "Value"; Value = "450V 10uF"; VariantName = "[No Variations]"
Add component (AddParameter): Name = "¹"; Value = "15"; VariantName = "[No Variations]"
Added Component: Designator=C5(CAP-0603)
Add component (AddParameter): Name = "Part Number"; Value = "2"; VariantName = "[No Variations]"
Add component (AddParameter): Name = "URL"; Value = ""; VariantName = "[No Variations]"
Add component (AddParameter): Name = "Value"; Value = "50V 10nF"; VariantName = "[No Variations]"
Add component (AddParameter): Name = "¹"; Value = "2"; VariantName = "[No Variations]"
Added Component: Designator=C6(CAP-0603)
Add component (AddParameter): Name = "Part Number"; Value = "2"; VariantName = "[No Variations]"
Add component (AddParameter): Name = "URL"; Value = ""; VariantName = "[No Variations]"
Add component (AddParameter): Name = "Value"; Value = "50V 10nF"; VariantName = "[No Variations]"
Add component (AddParameter): Name = "¹"; Value = "2"; VariantName = "[No Variations]"
Added Component: Designator=C7(CAP-V5)
Add component (AddParameter): Name = "Part Number"; Value = "6"; VariantName = "[No Variations]"
Add component (AddParameter): Name = "URL"; Value = ""; VariantName = "[No Variations]"
Add component (AddParameter): Name = "Value"; Value = "400V 10nF"; VariantName = "[No Variations]"
Add component (AddParameter): Name = "¹"; Value = "6"; VariantName = "[No Variations]"
Added Component: Designator=C8(CAP-0603)
Add component (AddParameter): Name = "Part Number"; Value = "2"; VariantName = "[No Variations]"
Add component (AddParameter): Name = "URL"; Value = ""; VariantName = "[No Variations]"
Add component (AddParameter): Name = "Value"; Value = "50V 47nF"; VariantName = "[No Variations]"
Add component (AddParameter): Name = "¹"; Value = "2"; VariantName = "[No Variations]"
Added Component: Designator=C9(CAP-0603)
Add component (AddParameter): Name = "Part Number"; Value = "2"; VariantName = "[No Variations]"
Add component (AddParameter): Name = "URL"; Value = ""; VariantName = "[No Variations]"
Add component (AddParameter): Name = "Value"; Value = "50V 1uF"; VariantName = "[No Variations]"
Add component (AddParameter): Name = "¹"; Value = "2"; VariantName = "[No Variations]"
Added Component: Designator=C10(CAPPOL-12x25)
Add component (AddParameter): Name = "Part Number"; Value = "16"; VariantName = "[No Variations]"
Add component (AddParameter): Name = "URL"; Value = ""; VariantName = "[No Variations]"
Add component (AddParameter): Name = "Value"; Value = "25V 2200uF"; VariantName = "[No Variations]"
Add component (AddParameter): Name = "¹"; Value = "16"; VariantName = "[No Variations]"
Added Component: Designator=DA1(4-SMD)
Add component (AddParameter): Name = "ID"; Value = "O-0001"; VariantName = "[No Variations]"
Add component (AddParameter): Name = "Part Number"; Value = "1"; VariantName = "[No Variations]"
Add component (AddParameter): Name = "URL"; Value = ""; VariantName = "[No Variations]"
Add component (AddParameter): Name = "Value"; Value = ""; VariantName = "[No Variations]"
Add component (AddParameter): Name = "¹"; Value = "1"; VariantName = "[No Variations]"
Added Component: Designator=DA2(SOT23-3)
Add component (AddParameter): Name = "ID"; Value = "I-0009"; VariantName = "[No Variations]"
Add component (AddParameter): Name = "Part Number"; Value = "TL431"; VariantName = "[No Variations]"
Add component (AddParameter): Name = "URL"; Value = ""; VariantName = "[No Variations]"
Add component (AddParameter): Name = "Value"; Value = "TL431"; VariantName = "[No Variations]"
Add component (AddParameter): Name = "¹"; Value = "9"; VariantName = "[No Variations]"
Added Component: Designator=L1(IND-7850)
Add component (AddParameter): Name = "ID"; Value = "L-0002"; VariantName = "[No Variations]"
Add component (AddParameter): Name = "Part Number"; Value = "2"; VariantName = "[No Variations]"
Add component (AddParameter): Name = "URL"; Value = ""; VariantName = "[No Variations]"
Add component (AddParameter): Name = "Value"; Value = "33"; VariantName = "[No Variations]"
Add component (AddParameter): Name = "¹"; Value = "2"; VariantName = "[No Variations]"
Added Component: Designator=R1(RES-0603)
Add component (AddParameter): Name = "ID"; Value = "R-0040"; VariantName = "[No Variations]"
Add component (AddParameter): Name = "Part Number"; Value = "40"; VariantName = "[No Variations]"
Add component (AddParameter): Name = "URL"; Value = ""; VariantName = "[No Variations]"
Add component (AddParameter): Name = "Value"; Value = "3.3K? ±1%"; VariantName = "[No Variations]"
Add component (AddParameter): Name = "¹"; Value = "40"; VariantName = "[No Variations]"
Added Component: Designator=R2(RES-0603)
Add component (AddParameter): Name = "ID"; Value = "R-0022"; VariantName = "[No Variations]"
Add component (AddParameter): Name = "Part Number"; Value = "22"; VariantName = "[No Variations]"
Add component (AddParameter): Name = "URL"; Value = ""; VariantName = "[No Variations]"
Add component (AddParameter): Name = "Value"; Value = "220 ? ±1%"; VariantName = "[No Variations]"
Add component (AddParameter): Name = "¹"; Value = "22"; VariantName = "[No Variations]"
Added Component: Designator=R3(RES-0603)
Add component (AddParameter): Name = "ID"; Value = "R-0041"; VariantName = "[No Variations]"
Add component (AddParameter): Name = "Part Number"; Value = "41"; VariantName = "[No Variations]"
Add component (AddParameter): Name = "URL"; Value = ""; VariantName = "[No Variations]"
Add component (AddParameter): Name = "Value"; Value = "3.9K?  ±1%"; VariantName = "[No Variations]"
Add component (AddParameter): Name = "¹"; Value = "41"; VariantName = "[No Variations]"
Added Component: Designator=R4(RES-0603)
Add component (AddParameter): Name = "ID"; Value = "R-0033"; VariantName = "[No Variations]"
Add component (AddParameter): Name = "Part Number"; Value = "33"; VariantName = "[No Variations]"
Add component (AddParameter): Name = "URL"; Value = ""; VariantName = "[No Variations]"
Add component (AddParameter): Name = "Value"; Value = "680 ?  ±1%"; VariantName = "[No Variations]"
Add component (AddParameter): Name = "¹"; Value = "33"; VariantName = "[No Variations]"
Added Component: Designator=R5(RES-0603)
Add component (AddParameter): Name = "ID"; Value = "R-0073"; VariantName = "[No Variations]"
Add component (AddParameter): Name = "Part Number"; Value = "73"; VariantName = "[No Variations]"
Add component (AddParameter): Name = "URL"; Value = ""; VariantName = "[No Variations]"
Add component (AddParameter): Name = "Value"; Value = "100K? ±1%"; VariantName = "[No Variations]"
Add component (AddParameter): Name = "¹"; Value = "73"; VariantName = "[No Variations]"
Added Component: Designator=R6(RES-0603)
Add component (AddParameter): Name = "ID"; Value = "R-0037"; VariantName = "[No Variations]"
Add component (AddParameter): Name = "Part Number"; Value = "37"; VariantName = "[No Variations]"
Add component (AddParameter): Name = "URL"; Value = ""; VariantName = "[No Variations]"
Add component (AddParameter): Name = "Value"; Value = "1K? ±1%"; VariantName = "[No Variations]"
Add component (AddParameter): Name = "¹"; Value = "37"; VariantName = "[No Variations]"
Added Component: Designator=R7(RES-0603)
Add component (AddParameter): Name = "ID"; Value = "R-0002"; VariantName = "[No Variations]"
Add component (AddParameter): Name = "Part Number"; Value = "2"; VariantName = "[No Variations]"
Add component (AddParameter): Name = "URL"; Value = ""; VariantName = "[No Variations]"
Add component (AddParameter): Name = "Value"; Value = "22 ? ±1%"; VariantName = "[No Variations]"
Add component (AddParameter): Name = "¹"; Value = "2"; VariantName = "[No Variations]"
Added Component: Designator=R8(RES-0603)
Add component (AddParameter): Name = "ID"; Value = "R-0073"; VariantName = "[No Variations]"
Add component (AddParameter): Name = "Part Number"; Value = "73"; VariantName = "[No Variations]"
Add component (AddParameter): Name = "URL"; Value = ""; VariantName = "[No Variations]"
Add component (AddParameter): Name = "Value"; Value = "100K? ±1%"; VariantName = "[No Variations]"
Add component (AddParameter): Name = "¹"; Value = "73"; VariantName = "[No Variations]"
Added Component: Designator=R9(RES-0603)
Add component (AddParameter): Name = "ID"; Value = "R-0050"; VariantName = "[No Variations]"
Add component (AddParameter): Name = "Part Number"; Value = "50"; VariantName = "[No Variations]"
Add component (AddParameter): Name = "URL"; Value = ""; VariantName = "[No Variations]"
Add component (AddParameter): Name = "Value"; Value = "10K? ±1%"; VariantName = "[No Variations]"
Add component (AddParameter): Name = "¹"; Value = "50"; VariantName = "[No Variations]"
Added Component: Designator=R10(RES-0603)
Add component (AddParameter): Name = "ID"; Value = "R-0058"; VariantName = "[No Variations]"
Add component (AddParameter): Name = "Part Number"; Value = "58"; VariantName = "[No Variations]"
Add component (AddParameter): Name = "URL"; Value = ""; VariantName = "[No Variations]"
Add component (AddParameter): Name = "Value"; Value = "22K? ±1%"; VariantName = "[No Variations]"
Add component (AddParameter): Name = "¹"; Value = "58"; VariantName = "[No Variations]"
Added Component: Designator=R11(RES-2W)
Add component (AddParameter): Name = "ID"; Value = "R-0205"; VariantName = "[No Variations]"
Add component (AddParameter): Name = "Part Number"; Value = "205"; VariantName = "[No Variations]"
Add component (AddParameter): Name = "URL"; Value = ""; VariantName = "[No Variations]"
Add component (AddParameter): Name = "Value"; Value = "2.2?  2W"; VariantName = "[No Variations]"
Add component (AddParameter): Name = "¹"; Value = "205"; VariantName = "[No Variations]"
Added Component: Designator=R12(RES-0603)
Add component (AddParameter): Name = "ID"; Value = "R-0042"; VariantName = "[No Variations]"
Add component (AddParameter): Name = "Part Number"; Value = "42"; VariantName = "[No Variations]"
Add component (AddParameter): Name = "URL"; Value = ""; VariantName = "[No Variations]"
Add component (AddParameter): Name = "Value"; Value = "4.7K? ±1%"; VariantName = "[No Variations]"
Add component (AddParameter): Name = "¹"; Value = "42"; VariantName = "[No Variations]"
Added Component: Designator=R13(RES-0603)
Add component (AddParameter): Name = "ID"; Value = "R-0062"; VariantName = "[No Variations]"
Add component (AddParameter): Name = "Part Number"; Value = "62"; VariantName = "[No Variations]"
Add component (AddParameter): Name = "URL"; Value = ""; VariantName = "[No Variations]"
Add component (AddParameter): Name = "Value"; Value = "33K? ±1%"; VariantName = "[No Variations]"
Add component (AddParameter): Name = "¹"; Value = "62"; VariantName = "[No Variations]"
Added Component: Designator=R14(RES-0603)
Add component (AddParameter): Name = "ID"; Value = "R-0039"; VariantName = "[No Variations]"
Add component (AddParameter): Name = "Part Number"; Value = "39"; VariantName = "[No Variations]"
Add component (AddParameter): Name = "URL"; Value = ""; VariantName = "[No Variations]"
Add component (AddParameter): Name = "Value"; Value = "2.7K? ±1%"; VariantName = "[No Variations]"
Add component (AddParameter): Name = "¹"; Value = "39"; VariantName = "[No Variations]"
Added Component: Designator=R15(RES-0603)
Add component (AddParameter): Name = "ID"; Value = "R-0073"; VariantName = "[No Variations]"
Add component (AddParameter): Name = "Part Number"; Value = "73"; VariantName = "[No Variations]"
Add component (AddParameter): Name = "URL"; Value = ""; VariantName = "[No Variations]"
Add component (AddParameter): Name = "Value"; Value = "100K? ±1%"; VariantName = "[No Variations]"
Add component (AddParameter): Name = "¹"; Value = "73"; VariantName = "[No Variations]"
Added Component: Designator=R16(RES-0603)
Add component (AddParameter): Name = "ID"; Value = "R-0050"; VariantName = "[No Variations]"
Add component (AddParameter): Name = "Part Number"; Value = "50"; VariantName = "[No Variations]"
Add component (AddParameter): Name = "URL"; Value = ""; VariantName = "[No Variations]"
Add component (AddParameter): Name = "Value"; Value = "10K? ±1%"; VariantName = "[No Variations]"
Add component (AddParameter): Name = "¹"; Value = "50"; VariantName = "[No Variations]"
Added Component: Designator=T(TRANS_STANDBAY)
Add component (AddParameter): Name = "Part Number"; Value = "2"; VariantName = "[No Variations]"
Add component (AddParameter): Name = "URL"; Value = ""; VariantName = "[No Variations]"
Add component (AddParameter): Name = "Value"; Value = "XX"; VariantName = "[No Variations]"
Add component (AddParameter): Name = "¹"; Value = "2"; VariantName = "[No Variations]"
Added Component: Designator=U1(SOIC8-150)
Add component (AddParameter): Name = "ID"; Value = "I-0005"; VariantName = "[No Variations]"
Add component (AddParameter): Name = "Part Number"; Value = "UC3842B"; VariantName = "[No Variations]"
Add component (AddParameter): Name = "URL"; Value = ""; VariantName = "[No Variations]"
Add component (AddParameter): Name = "Value"; Value = ""; VariantName = "[No Variations]"
Add component (AddParameter): Name = "¹"; Value = "5"; VariantName = "[No Variations]"
Added Component: Designator=VD1(FR207)
Add component (AddParameter): Name = "ID"; Value = "D-0754"; VariantName = "[No Variations]"
Add component (AddParameter): Name = "Part Number"; Value = "FR207"; VariantName = "[No Variations]"
Add component (AddParameter): Name = "URL"; Value = ""; VariantName = "[No Variations]"
Add component (AddParameter): Name = "Value"; Value = "1000V 2A"; VariantName = "[No Variations]"
Add component (AddParameter): Name = "¹"; Value = "12"; VariantName = "[No Variations]"
Added Component: Designator=VD2(FR207)
Add component (AddParameter): Name = "ID"; Value = "D-0754"; VariantName = "[No Variations]"
Add component (AddParameter): Name = "Part Number"; Value = "FR207"; VariantName = "[No Variations]"
Add component (AddParameter): Name = "URL"; Value = ""; VariantName = "[No Variations]"
Add component (AddParameter): Name = "Value"; Value = "1000V 2A"; VariantName = "[No Variations]"
Add component (AddParameter): Name = "¹"; Value = "12"; VariantName = "[No Variations]"
Added Component: Designator=VD3(FR207)
Add component (AddParameter): Name = "ID"; Value = "D-0754"; VariantName = "[No Variations]"
Add component (AddParameter): Name = "Part Number"; Value = "FR207"; VariantName = "[No Variations]"
Add component (AddParameter): Name = "URL"; Value = ""; VariantName = "[No Variations]"
Add component (AddParameter): Name = "Value"; Value = "1000V 2A"; VariantName = "[No Variations]"
Add component (AddParameter): Name = "¹"; Value = "12"; VariantName = "[No Variations]"
Added Component: Designator=VD4(FR207)
Add component (AddParameter): Name = "ID"; Value = "D-0754"; VariantName = "[No Variations]"
Add component (AddParameter): Name = "Part Number"; Value = "FR207"; VariantName = "[No Variations]"
Add component (AddParameter): Name = "URL"; Value = ""; VariantName = "[No Variations]"
Add component (AddParameter): Name = "Value"; Value = "1000V 2A"; VariantName = "[No Variations]"
Add component (AddParameter): Name = "¹"; Value = "12"; VariantName = "[No Variations]"
Added Component: Designator=VD5(DO-35)
Add component (AddParameter): Name = "ID"; Value = "D-0755"; VariantName = "[No Variations]"
Add component (AddParameter): Name = "Part Number"; Value = "BZX55C15V"; VariantName = "[No Variations]"
Add component (AddParameter): Name = "URL"; Value = ""; VariantName = "[No Variations]"
Add component (AddParameter): Name = "Value"; Value = "15V 2W"; VariantName = "[No Variations]"
Add component (AddParameter): Name = "¹"; Value = "13"; VariantName = "[No Variations]"
Added Component: Designator=VD6(FR207)
Add component (AddParameter): Name = "ID"; Value = "D-0754"; VariantName = "[No Variations]"
Add component (AddParameter): Name = "Part Number"; Value = "FR207"; VariantName = "[No Variations]"
Add component (AddParameter): Name = "URL"; Value = ""; VariantName = "[No Variations]"
Add component (AddParameter): Name = "Value"; Value = "1000V 2A"; VariantName = "[No Variations]"
Add component (AddParameter): Name = "¹"; Value = "12"; VariantName = "[No Variations]"
Added Component: Designator=VD7(FR207)
Add component (AddParameter): Name = "ID"; Value = "D-0754"; VariantName = "[No Variations]"
Add component (AddParameter): Name = "Part Number"; Value = "FR207"; VariantName = "[No Variations]"
Add component (AddParameter): Name = "URL"; Value = ""; VariantName = "[No Variations]"
Add component (AddParameter): Name = "Value"; Value = "1000V 2A"; VariantName = "[No Variations]"
Add component (AddParameter): Name = "¹"; Value = "12"; VariantName = "[No Variations]"
Added Component: Designator=VD8(FR207)
Add component (AddParameter): Name = "ID"; Value = "D-0754"; VariantName = "[No Variations]"
Add component (AddParameter): Name = "Part Number"; Value = "FR207"; VariantName = "[No Variations]"
Add component (AddParameter): Name = "URL"; Value = ""; VariantName = "[No Variations]"
Add component (AddParameter): Name = "Value"; Value = "1000V 2A"; VariantName = "[No Variations]"
Add component (AddParameter): Name = "¹"; Value = "12"; VariantName = "[No Variations]"
Added Component: Designator=VD9(LED-0603)
Add component (AddParameter): Name = "ID"; Value = "O-0002"; VariantName = "[No Variations]"
Add component (AddParameter): Name = "Part Number"; Value = "2"; VariantName = "[No Variations]"
Add component (AddParameter): Name = "URL"; Value = ""; VariantName = "[No Variations]"
Add component (AddParameter): Name = "Value"; Value = "RED"; VariantName = "[No Variations]"
Add component (AddParameter): Name = "¹"; Value = "2"; VariantName = "[No Variations]"
Added Component: Designator=VT1(TO-220-3)
Add component (AddParameter): Name = "ID"; Value = "T-0002"; VariantName = "[No Variations]"
Add component (AddParameter): Name = "Part Number"; Value = "IRF640"; VariantName = "[No Variations]"
Add component (AddParameter): Name = "URL"; Value = ""; VariantName = "[No Variations]"
Add component (AddParameter): Name = "Value"; Value = "200V 18A"; VariantName = "[No Variations]"
Add component (AddParameter): Name = "¹"; Value = "2"; VariantName = "[No Variations]"
Added Component: Designator=X1(CONN-PLS-2-2.54mm)
Add component (AddParameter): Name = "ID"; Value = "X-0001"; VariantName = "[No Variations]"
Add component (AddParameter): Name = "Part Number"; Value = "1"; VariantName = "[No Variations]"
Add component (AddParameter): Name = "URL"; Value = ""; VariantName = "[No Variations]"
Add component (AddParameter): Name = "Value"; Value = "PLS"; VariantName = "[No Variations]"
Add component (AddParameter): Name = "¹"; Value = "1"; VariantName = "[No Variations]"
Added Component: Designator=X2(CONN-PLS-2-2.54mm)
Add component (AddParameter): Name = "ID"; Value = "X-0001"; VariantName = "[No Variations]"
Add component (AddParameter): Name = "Part Number"; Value = "1"; VariantName = "[No Variations]"
Add component (AddParameter): Name = "URL"; Value = ""; VariantName = "[No Variations]"
Add component (AddParameter): Name = "Value"; Value = "PLS"; VariantName = "[No Variations]"
Add component (AddParameter): Name = "¹"; Value = "1"; VariantName = "[No Variations]"
Added Component: Designator=X3(CONN-PLS-2-2.54mm)
Add component (AddParameter): Name = "ID"; Value = "X-0001"; VariantName = "[No Variations]"
Add component (AddParameter): Name = "Part Number"; Value = "1"; VariantName = "[No Variations]"
Add component (AddParameter): Name = "URL"; Value = ""; VariantName = "[No Variations]"
Add component (AddParameter): Name = "Value"; Value = "PLS"; VariantName = "[No Variations]"
Add component (AddParameter): Name = "¹"; Value = "1"; VariantName = "[No Variations]"
Added Pin To Net: NetName=GND Pin=C1-1
Added Pin To Net: NetName=NetC1_2 Pin=C1-2
Added Pin To Net: NetName=FST Pin=C2-1
Added Pin To Net: NetName=NetC2_2 Pin=C2-2
Added Pin To Net: NetName=GND Pin=C3-1
Added Pin To Net: NetName=NetC3_2 Pin=C3-2
Added Pin To Net: NetName=IN1 Pin=C4-1
Added Pin To Net: NetName=GND Pin=C4-2
Added Pin To Net: NetName=NetC5_1 Pin=C5-1
Added Pin To Net: NetName=GND Pin=C5-2
Added Pin To Net: NetName=GND Pin=C6-1
Added Pin To Net: NetName=FPWM Pin=C6-2
Added Pin To Net: NetName=FG1 Pin=C7-1
Added Pin To Net: NetName=IN1 Pin=C7-2
Added Pin To Net: NetName=NetC8_1 Pin=C8-1
Added Pin To Net: NetName=NetC8_2 Pin=C8-2
Added Pin To Net: NetName=GND Pin=C9-1
Added Pin To Net: NetName=NetC9_2 Pin=C9-2
Added Pin To Net: NetName=IN2 Pin=C10-1
Added Pin To Net: NetName=GND Pin=C10-2
Added Pin To Net: NetName=NetDA1_1 Pin=DA1-1
Added Pin To Net: NetName=NetC8_2 Pin=DA1-2
Added Pin To Net: NetName=NetDA1_3 Pin=DA1-3
Added Pin To Net: NetName=NetC5_1 Pin=DA1-4
Added Pin To Net: NetName=NetC8_1 Pin=DA2-1
Added Pin To Net: NetName=NetC8_2 Pin=DA2-2
Added Pin To Net: NetName=GND Pin=DA2-3
Added Pin To Net: NetName=NetC9_2 Pin=L1-1
Added Pin To Net: NetName=IN2 Pin=L1-2
Added Pin To Net: NetName=FG Pin=R1-1
Added Pin To Net: NetName=NetDA1_1 Pin=R1-2
Added Pin To Net: NetName=GND Pin=R2-1
Added Pin To Net: NetName=NetDA1_3 Pin=R2-2
Added Pin To Net: NetName=NetDA1_3 Pin=R3-1
Added Pin To Net: NetName=FST Pin=R3-2
Added Pin To Net: NetName=NetC5_1 Pin=R4-1
Added Pin To Net: NetName=NetC3_2 Pin=R4-2
Added Pin To Net: NetName=FST Pin=R5-1
Added Pin To Net: NetName=NetC2_2 Pin=R5-2
Added Pin To Net: NetName=NetC1_2 Pin=R6-1
Added Pin To Net: NetName=FB_BK Pin=R6-2
Added Pin To Net: NetName=EXT_WD Pin=R7-1
Added Pin To Net: NetName=EXT_CLK Pin=R7-2
Added Pin To Net: NetName=FPWM Pin=R8-1
Added Pin To Net: NetName=IN1 Pin=R8-2
Added Pin To Net: NetName=FB_BK Pin=R9-1
Added Pin To Net: NetName=EXT_CLK Pin=R9-2
Added Pin To Net: NetName=FG1 Pin=R10-1
Added Pin To Net: NetName=IN1 Pin=R10-2
Added Pin To Net: NetName=GND Pin=R11-1
Added Pin To Net: NetName=FB_BK Pin=R11-2
Added Pin To Net: NetName=GND Pin=R12-1
Added Pin To Net: NetName=NetC8_1 Pin=R12-2
Added Pin To Net: NetName=NetC8_1 Pin=R13-1
Added Pin To Net: NetName=FG Pin=R13-2
Added Pin To Net: NetName=NetR14_1 Pin=R14-1
Added Pin To Net: NetName=IN2 Pin=R14-2
Added Pin To Net: NetName=DIR Pin=R15-1
Added Pin To Net: NetName=IN2 Pin=R15-2
Added Pin To Net: NetName=GND Pin=R16-1
Added Pin To Net: NetName=DIR Pin=R16-2
Added Pin To Net: NetName=IN1 Pin=T-1
Added Pin To Net: NetName=COM Pin=T-2
Added Pin To Net: NetName=AVDD Pin=T-3
Added Pin To Net: NetName=GND Pin=T-4
Added Pin To Net: NetName=GND Pin=T-5
Added Pin To Net: NetName=ADJ2 Pin=T-6
Added Pin To Net: NetName=NetC2_2 Pin=U1-1
Added Pin To Net: NetName=FST Pin=U1-2
Added Pin To Net: NetName=NetC1_2 Pin=U1-3
Added Pin To Net: NetName=NetC3_2 Pin=U1-4
Added Pin To Net: NetName=GND Pin=U1-5
Added Pin To Net: NetName=EXT_WD Pin=U1-6
Added Pin To Net: NetName=FPWM Pin=U1-7
Added Pin To Net: NetName=NetC5_1 Pin=U1-8
Added Pin To Net: NetName=ADJ1 Pin=VD1-1
Added Pin To Net: NetName=GND Pin=VD1-2
Added Pin To Net: NetName=ADJ0 Pin=VD2-1
Added Pin To Net: NetName=GND Pin=VD2-2
Added Pin To Net: NetName=IN1 Pin=VD3-1
Added Pin To Net: NetName=ADJ1 Pin=VD3-2
Added Pin To Net: NetName=IN1 Pin=VD4-1
Added Pin To Net: NetName=ADJ0 Pin=VD4-2
Added Pin To Net: NetName=EXT_CLK Pin=VD5-1
Added Pin To Net: NetName=FB_BK Pin=VD5-2
Added Pin To Net: NetName=FG1 Pin=VD6-1
Added Pin To Net: NetName=COM Pin=VD6-2
Added Pin To Net: NetName=FPWM Pin=VD7-1
Added Pin To Net: NetName=AVDD Pin=VD7-2
Added Pin To Net: NetName=NetC9_2 Pin=VD8-1
Added Pin To Net: NetName=ADJ2 Pin=VD8-2
Added Pin To Net: NetName=GND Pin=VD9-1
Added Pin To Net: NetName=NetR14_1 Pin=VD9-2
Added Pin To Net: NetName=EXT_CLK Pin=VT1-1
Added Pin To Net: NetName=COM Pin=VT1-2
Added Pin To Net: NetName=FB_BK Pin=VT1-3
Added Pin To Net: NetName=ADJ0 Pin=X1-1
Added Pin To Net: NetName=ADJ1 Pin=X1-2
Added Pin To Net: NetName=IN2 Pin=X2-1
Added Pin To Net: NetName=GND Pin=X2-2
Added Pin To Net: NetName=DIR Pin=X3-1
Added Pin To Net: NetName=GND Pin=X3-2
Change Net Name : Old Net Name=ADJ0 New Net Name=NetVD2_1
Change Net Name : Old Net Name=ADJ1 New Net Name=NetVD1_1
Change Net Name : Old Net Name=ADJ2 New Net Name=NetT_6
Change Net Name : Old Net Name=AVDD New Net Name=NetT_3
Change Net Name : Old Net Name=COM New Net Name=NetT_2
Change Net Name : Old Net Name=DIR New Net Name=NetR15_1
Change Net Name : Old Net Name=EXT_CLK New Net Name=NetR7_2
Change Net Name : Old Net Name=EXT_WD New Net Name=NetR7_1
Change Net Name : Old Net Name=FB_BK New Net Name=NetR6_2
Change Net Name : Old Net Name=FG1 New Net Name=NetC7_1
Change Net Name : Old Net Name=FG New Net Name=NetR1_1
Change Net Name : Old Net Name=FPWM New Net Name=NetC6_2
Change Net Name : Old Net Name=FST New Net Name=NetC2_1
Change Net Name : Old Net Name=IN1 New Net Name=+300V
Change Net Name : Old Net Name=IN2 New Net Name=+20V
