Removed Pin From Net: NetName=NetC6_1 Pin=R8-1
Removed Pin From Net: NetName=+300V Pin=R8-2
Change Component Footprint: Designator=R8 Old Footprint=RES-0603 New Footprint=RES-1206
Change component parameters: Designator = "R8" ("R8"); Footprint = "RES-0603"; UniqueID = "\GSGRCREL" ("\GSGRCREL")
Change component parameters (AddParameter): Name = "ID"; Value = "R-0206"; VariantName = "[No Variations]"
Change component parameters (AddParameter): Name = "Part Number"; Value = "206"; VariantName = "[No Variations]"
Change component parameters (AddParameter): Name = "URL"; Value = ""; VariantName = "[No Variations]"
Change component parameters (AddParameter): Name = "Value"; Value = "33K? ±1%"; VariantName = "[No Variations]"
Change component parameters (AddParameter): Name = "¹"; Value = "206"; VariantName = "[No Variations]"
Added Component: Designator=R17(RES-1206)
Add component (AddParameter): Name = "ID"; Value = "R-0206"; VariantName = "[No Variations]"
Add component (AddParameter): Name = "Part Number"; Value = "206"; VariantName = "[No Variations]"
Add component (AddParameter): Name = "URL"; Value = ""; VariantName = "[No Variations]"
Add component (AddParameter): Name = "Value"; Value = "33K? ±1%"; VariantName = "[No Variations]"
Add component (AddParameter): Name = "¹"; Value = "206"; VariantName = "[No Variations]"
Added Component: Designator=R18(RES-1206)
Add component (AddParameter): Name = "ID"; Value = "R-0206"; VariantName = "[No Variations]"
Add component (AddParameter): Name = "Part Number"; Value = "206"; VariantName = "[No Variations]"
Add component (AddParameter): Name = "URL"; Value = ""; VariantName = "[No Variations]"
Add component (AddParameter): Name = "Value"; Value = "33K? ±1%"; VariantName = "[No Variations]"
Add component (AddParameter): Name = "¹"; Value = "206"; VariantName = "[No Variations]"
Added Pin To Net: NetName=NetC6_1 Pin=R8-2
Added Pin To Net: NetName=+300V Pin=R18-1
Added Pin To Net: NetName=NetR8_1 Pin=R8-1
Added Pin To Net: NetName=NetR8_1 Pin=R17-2
Added Net: Name=NetR8_1
Added Pin To Net: NetName=NetR17_1 Pin=R17-1
Added Pin To Net: NetName=NetR17_1 Pin=R18-2
Added Net: Name=NetR17_1
