Removed Pin From Net: NetName=NetC?_2 Pin=C?-2
Removed Pin From Net: NetName=NetT?_5 Pin=T?-5
Removed Pin From Net: NetName=NetC?_2 Pin=U1-7
Change Component Designator: OldDesignator=C? NewDesignator=C14
Change Component Designator: OldDesignator=T? NewDesignator=T1
Added Component: Designator=C12(CAP-0603)
Add component (AddParameter): Name = "Part Number"; Value = "2"; VariantName = "[No Variations]"
Add component (AddParameter): Name = "URL"; Value = ""; VariantName = "[No Variations]"
Add component (AddParameter): Name = "Value"; Value = "50V 1uF"; VariantName = "[No Variations]"
Add component (AddParameter): Name = "¹"; Value = "2"; VariantName = "[No Variations]"
Added Component: Designator=C13(CAPPOL-12x25)
Add component (AddParameter): Name = "Part Number"; Value = "16"; VariantName = "[No Variations]"
Add component (AddParameter): Name = "URL"; Value = ""; VariantName = "[No Variations]"
Add component (AddParameter): Name = "Value"; Value = "25V 2200uF"; VariantName = "[No Variations]"
Add component (AddParameter): Name = "¹"; Value = "16"; VariantName = "[No Variations]"
Added Component: Designator=L2(IND-7850)
Add component (AddParameter): Name = "ID"; Value = "L-0002"; VariantName = "[No Variations]"
Add component (AddParameter): Name = "Part Number"; Value = "2"; VariantName = "[No Variations]"
Add component (AddParameter): Name = "URL"; Value = ""; VariantName = "[No Variations]"
Add component (AddParameter): Name = "Value"; Value = "33"; VariantName = "[No Variations]"
Add component (AddParameter): Name = "¹"; Value = "2"; VariantName = "[No Variations]"
Added Component: Designator=VD7(FR207)
Add component (AddParameter): Name = "ID"; Value = "D-0754"; VariantName = "[No Variations]"
Add component (AddParameter): Name = "Part Number"; Value = "FR207"; VariantName = "[No Variations]"
Add component (AddParameter): Name = "URL"; Value = ""; VariantName = "[No Variations]"
Add component (AddParameter): Name = "Value"; Value = "1000V 2A"; VariantName = "[No Variations]"
Add component (AddParameter): Name = "¹"; Value = "12"; VariantName = "[No Variations]"
Added Component: Designator=VD10(FR207)
Add component (AddParameter): Name = "ID"; Value = "D-0754"; VariantName = "[No Variations]"
Add component (AddParameter): Name = "Part Number"; Value = "FR207"; VariantName = "[No Variations]"
Add component (AddParameter): Name = "URL"; Value = ""; VariantName = "[No Variations]"
Add component (AddParameter): Name = "Value"; Value = "1000V 2A"; VariantName = "[No Variations]"
Add component (AddParameter): Name = "¹"; Value = "12"; VariantName = "[No Variations]"
Added Component: Designator=VD11(FR207)
Add component (AddParameter): Name = "ID"; Value = "D-0754"; VariantName = "[No Variations]"
Add component (AddParameter): Name = "Part Number"; Value = "FR207"; VariantName = "[No Variations]"
Add component (AddParameter): Name = "URL"; Value = ""; VariantName = "[No Variations]"
Add component (AddParameter): Name = "Value"; Value = "1000V 2A"; VariantName = "[No Variations]"
Add component (AddParameter): Name = "¹"; Value = "12"; VariantName = "[No Variations]"
Added Component: Designator=VD12(DO-35)
Add component (AddParameter): Name = "ID"; Value = "D-0755"; VariantName = "[No Variations]"
Add component (AddParameter): Name = "Part Number"; Value = "BZX55C15V"; VariantName = "[No Variations]"
Add component (AddParameter): Name = "URL"; Value = ""; VariantName = "[No Variations]"
Add component (AddParameter): Name = "Value"; Value = "15V 2W"; VariantName = "[No Variations]"
Add component (AddParameter): Name = "¹"; Value = "13"; VariantName = "[No Variations]"
Added Component: Designator=X4(CONN-PLS-2-2.54mm)
Add component (AddParameter): Name = "ID"; Value = "X-0001"; VariantName = "[No Variations]"
Add component (AddParameter): Name = "Part Number"; Value = "1"; VariantName = "[No Variations]"
Add component (AddParameter): Name = "URL"; Value = ""; VariantName = "[No Variations]"
Add component (AddParameter): Name = "Value"; Value = "PLS"; VariantName = "[No Variations]"
Add component (AddParameter): Name = "¹"; Value = "1"; VariantName = "[No Variations]"
Added Pin To Net: NetName=GND_1 Pin=C12-1
Added Pin To Net: NetName=NetC12_2 Pin=C12-2
Added Pin To Net: NetName=NetC13_1 Pin=C13-1
Added Pin To Net: NetName=GND_1 Pin=C13-2
Added Pin To Net: NetName=NetT?_5 Pin=C14-2
Added Pin To Net: NetName=NetC12_2 Pin=L2-1
Added Pin To Net: NetName=NetC13_1 Pin=L2-2
Added Pin To Net: NetName=NetC?_2 Pin=T1-5
Added Pin To Net: NetName=NetT?_5 Pin=U1-7
Added Pin To Net: NetName=NetT?_5 Pin=VD7-1
Added Pin To Net: NetName=NetT?_3 Pin=VD7-2
Added Pin To Net: NetName=NetT?_5 Pin=VD10-1
Added Pin To Net: NetName=NetC6_2 Pin=VD10-2
Added Pin To Net: NetName=NetC12_2 Pin=VD11-1
Added Pin To Net: NetName=NetC?_2 Pin=VD11-2
Added Pin To Net: NetName=NetT?_5 Pin=VD12-1
Added Pin To Net: NetName=GND Pin=VD12-2
Added Pin To Net: NetName=NetC13_1 Pin=X4-1
Added Pin To Net: NetName=GND_1 Pin=X4-2
Change Net Name : Old Net Name=NetC?_2 New Net Name=NetT1_5
Change Net Name : Old Net Name=NetT?_2 New Net Name=NetT1_2
Change Net Name : Old Net Name=NetT?_3 New Net Name=NetT1_3
Change Net Name : Old Net Name=NetT?_5 New Net Name=NetC14_2
Change Net Name : Old Net Name=NetT?_7 New Net Name=NetT1_7
