Removed Pin From Net: NetName=GND Pin=C9-1
Removed Pin From Net: NetName=GND Pin=C10-2
Removed Pin From Net: NetName=GND Pin=R16-1
Removed Pin From Net: NetName=GND Pin=T-5
Removed Pin From Net: NetName=GND Pin=VD9-1
Removed Pin From Net: NetName=GND Pin=X2-2
Removed Pin From Net: NetName=GND Pin=X3-2
Added Component: Designator=C?(CAP-V5)
Add component (AddParameter): Name = "Part Number"; Value = "6"; VariantName = "[No Variations]"
Add component (AddParameter): Name = "URL"; Value = ""; VariantName = "[No Variations]"
Add component (AddParameter): Name = "Value"; Value = "400V 2200pF"; VariantName = "[No Variations]"
Add component (AddParameter): Name = "¹"; Value = "6"; VariantName = "[No Variations]"
Added Pin To Net: NetName=GND Pin=C?-2
Added Pin To Net: NetName=GND_1 Pin=C9-1
Added Pin To Net: NetName=GND_1 Pin=C10-2
Added Pin To Net: NetName=GND_1 Pin=C?-1
Added Pin To Net: NetName=GND_1 Pin=R16-1
Added Pin To Net: NetName=GND_1 Pin=T-5
Added Pin To Net: NetName=GND_1 Pin=VD9-1
Added Pin To Net: NetName=GND_1 Pin=X2-2
Added Pin To Net: NetName=GND_1 Pin=X3-2
Added Net: Name=GND_1
